[2.448s] Invoking command in '/home/giri/ros2_ws/src/my_py_pkg': PYTHONPATH=/home/giri/ros2_ws/build/my_py_pkg/prefix_override:/usr/lib/python3/dist-packages/colcon_core/task/python/colcon_distutils_commands:/home/giri/ros2_ws/install/my_py_pkg/lib/python3.10/site-packages:${PYTHONPATH} /usr/bin/python3 -W ignore:setup.py install is deprecated setup.py egg_info --egg-base ../../build/my_py_pkg build --build-base /home/giri/ros2_ws/build/my_py_pkg/build install --record /home/giri/ros2_ws/build/my_py_pkg/install.log --single-version-externally-managed install_data
[3.356s] running egg_info
[3.359s] writing ../../build/my_py_pkg/my_py_pkg.egg-info/PKG-INFO
[3.360s] writing dependency_links to ../../build/my_py_pkg/my_py_pkg.egg-info/dependency_links.txt
[3.361s] writing entry points to ../../build/my_py_pkg/my_py_pkg.egg-info/entry_points.txt
[3.362s] writing requirements to ../../build/my_py_pkg/my_py_pkg.egg-info/requires.txt
[3.362s] writing top-level names to ../../build/my_py_pkg/my_py_pkg.egg-info/top_level.txt
[3.370s] reading manifest file '../../build/my_py_pkg/my_py_pkg.egg-info/SOURCES.txt'
[3.373s] writing manifest file '../../build/my_py_pkg/my_py_pkg.egg-info/SOURCES.txt'
[3.374s] running build
[3.374s] running build_py
[3.375s] copying my_py_pkg/robot_news_station.py -> /home/giri/ros2_ws/build/my_py_pkg/build/lib/my_py_pkg
[3.376s] running install
[3.377s] running install_lib
[3.381s] copying /home/giri/ros2_ws/build/my_py_pkg/build/lib/my_py_pkg/robot_news_station.py -> /home/giri/ros2_ws/install/my_py_pkg/lib/python3.10/site-packages/my_py_pkg
[3.384s] byte-compiling /home/giri/ros2_ws/install/my_py_pkg/lib/python3.10/site-packages/my_py_pkg/robot_news_station.py to robot_news_station.cpython-310.pyc
[3.386s] running install_data
[3.387s] copying package.xml -> /home/giri/ros2_ws/install/my_py_pkg/share/my_py_pkg
[3.387s] running install_egg_info
[3.394s] removing '/home/giri/ros2_ws/install/my_py_pkg/lib/python3.10/site-packages/my_py_pkg-0.0.0-py3.10.egg-info' (and everything under it)
[3.396s] Copying ../../build/my_py_pkg/my_py_pkg.egg-info to /home/giri/ros2_ws/install/my_py_pkg/lib/python3.10/site-packages/my_py_pkg-0.0.0-py3.10.egg-info
[3.401s] running install_scripts
[3.480s] Installing robot_news_station script to /home/giri/ros2_ws/install/my_py_pkg/lib/my_py_pkg
[3.482s] writing list of installed files to '/home/giri/ros2_ws/build/my_py_pkg/install.log'
[3.601s] Invoked command in '/home/giri/ros2_ws/src/my_py_pkg' returned '0': PYTHONPATH=/home/giri/ros2_ws/build/my_py_pkg/prefix_override:/usr/lib/python3/dist-packages/colcon_core/task/python/colcon_distutils_commands:/home/giri/ros2_ws/install/my_py_pkg/lib/python3.10/site-packages:${PYTHONPATH} /usr/bin/python3 -W ignore:setup.py install is deprecated setup.py egg_info --egg-base ../../build/my_py_pkg build --build-base /home/giri/ros2_ws/build/my_py_pkg/build install --record /home/giri/ros2_ws/build/my_py_pkg/install.log --single-version-externally-managed install_data
