[3.312s] Invoking command in '/home/giri/ros2_ws/src/my_py_pkg': PYTHONPATH=/home/giri/ros2_ws/build/my_py_pkg/prefix_override:/usr/lib/python3/dist-packages/colcon_core/task/python/colcon_distutils_commands:/home/giri/ros2_ws/install/my_py_pkg/lib/python3.10/site-packages:${PYTHONPATH} /usr/bin/python3 -W ignore:setup.py install is deprecated setup.py egg_info --egg-base ../../build/my_py_pkg build --build-base /home/giri/ros2_ws/build/my_py_pkg/build install --record /home/giri/ros2_ws/build/my_py_pkg/install.log --single-version-externally-managed install_data
[3.984s] running egg_info
[3.986s] creating ../../build/my_py_pkg/my_py_pkg.egg-info
[3.987s] writing ../../build/my_py_pkg/my_py_pkg.egg-info/PKG-INFO
[3.988s] writing dependency_links to ../../build/my_py_pkg/my_py_pkg.egg-info/dependency_links.txt
[3.989s] writing entry points to ../../build/my_py_pkg/my_py_pkg.egg-info/entry_points.txt
[3.989s] writing requirements to ../../build/my_py_pkg/my_py_pkg.egg-info/requires.txt
[3.990s] writing top-level names to ../../build/my_py_pkg/my_py_pkg.egg-info/top_level.txt
[3.990s] writing manifest file '../../build/my_py_pkg/my_py_pkg.egg-info/SOURCES.txt'
[3.997s] reading manifest file '../../build/my_py_pkg/my_py_pkg.egg-info/SOURCES.txt'
[4.000s] writing manifest file '../../build/my_py_pkg/my_py_pkg.egg-info/SOURCES.txt'
[4.000s] running build
[4.001s] running build_py
[4.002s] creating /home/giri/ros2_ws/build/my_py_pkg/build
[4.002s] creating /home/giri/ros2_ws/build/my_py_pkg/build/lib
[4.002s] creating /home/giri/ros2_ws/build/my_py_pkg/build/lib/my_py_pkg
[4.003s] copying my_py_pkg/__init__.py -> /home/giri/ros2_ws/build/my_py_pkg/build/lib/my_py_pkg
[4.003s] running install
[4.004s] running install_lib
[4.008s] creating /home/giri/ros2_ws/install/my_py_pkg/lib/python3.10/site-packages/my_py_pkg
[4.009s] copying /home/giri/ros2_ws/build/my_py_pkg/build/lib/my_py_pkg/__init__.py -> /home/giri/ros2_ws/install/my_py_pkg/lib/python3.10/site-packages/my_py_pkg
[4.011s] byte-compiling /home/giri/ros2_ws/install/my_py_pkg/lib/python3.10/site-packages/my_py_pkg/__init__.py to __init__.cpython-310.pyc
[4.012s] running install_data
[4.013s] creating /home/giri/ros2_ws/install/my_py_pkg/share/ament_index
[4.013s] creating /home/giri/ros2_ws/install/my_py_pkg/share/ament_index/resource_index
[4.014s] creating /home/giri/ros2_ws/install/my_py_pkg/share/ament_index/resource_index/packages
[4.014s] copying resource/my_py_pkg -> /home/giri/ros2_ws/install/my_py_pkg/share/ament_index/resource_index/packages
[4.015s] copying package.xml -> /home/giri/ros2_ws/install/my_py_pkg/share/my_py_pkg
[4.015s] running install_egg_info
[4.022s] Copying ../../build/my_py_pkg/my_py_pkg.egg-info to /home/giri/ros2_ws/install/my_py_pkg/lib/python3.10/site-packages/my_py_pkg-0.0.0-py3.10.egg-info
[4.028s] running install_scripts
[4.107s] writing list of installed files to '/home/giri/ros2_ws/build/my_py_pkg/install.log'
[4.221s] Invoked command in '/home/giri/ros2_ws/src/my_py_pkg' returned '0': PYTHONPATH=/home/giri/ros2_ws/build/my_py_pkg/prefix_override:/usr/lib/python3/dist-packages/colcon_core/task/python/colcon_distutils_commands:/home/giri/ros2_ws/install/my_py_pkg/lib/python3.10/site-packages:${PYTHONPATH} /usr/bin/python3 -W ignore:setup.py install is deprecated setup.py egg_info --egg-base ../../build/my_py_pkg build --build-base /home/giri/ros2_ws/build/my_py_pkg/build install --record /home/giri/ros2_ws/build/my_py_pkg/install.log --single-version-externally-managed install_data
