[3.021s] Invoking command in '/home/giri/ros2_ws/src/my_py_pkg': PYTHONPATH=/home/giri/ros2_ws/build/my_py_pkg/prefix_override:/usr/lib/python3/dist-packages/colcon_core/task/python/colcon_distutils_commands:/home/giri/ros2_ws/install/my_py_pkg/lib/python3.10/site-packages:${PYTHONPATH} /usr/bin/python3 -W ignore:setup.py install is deprecated setup.py egg_info --egg-base ../../build/my_py_pkg build --build-base /home/giri/ros2_ws/build/my_py_pkg/build install --record /home/giri/ros2_ws/build/my_py_pkg/install.log --single-version-externally-managed install_data
[3.933s] running egg_info
[3.936s] writing ../../build/my_py_pkg/my_py_pkg.egg-info/PKG-INFO
[3.937s] writing dependency_links to ../../build/my_py_pkg/my_py_pkg.egg-info/dependency_links.txt
[3.938s] writing entry points to ../../build/my_py_pkg/my_py_pkg.egg-info/entry_points.txt
[3.939s] writing requirements to ../../build/my_py_pkg/my_py_pkg.egg-info/requires.txt
[3.940s] writing top-level names to ../../build/my_py_pkg/my_py_pkg.egg-info/top_level.txt
[3.948s] reading manifest file '../../build/my_py_pkg/my_py_pkg.egg-info/SOURCES.txt'
[3.952s] writing manifest file '../../build/my_py_pkg/my_py_pkg.egg-info/SOURCES.txt'
[3.953s] running build
[3.953s] running build_py
[3.954s] copying my_py_pkg/minimal_publisher.py -> /home/giri/ros2_ws/build/my_py_pkg/build/lib/my_py_pkg
[3.957s] running install
[3.959s] running install_lib
[3.963s] copying /home/giri/ros2_ws/build/my_py_pkg/build/lib/my_py_pkg/minimal_publisher.py -> /home/giri/ros2_ws/install/my_py_pkg/lib/python3.10/site-packages/my_py_pkg
[3.966s] byte-compiling /home/giri/ros2_ws/install/my_py_pkg/lib/python3.10/site-packages/my_py_pkg/minimal_publisher.py to minimal_publisher.cpython-310.pyc
[3.968s] running install_data
[3.968s] running install_egg_info
[3.976s] removing '/home/giri/ros2_ws/install/my_py_pkg/lib/python3.10/site-packages/my_py_pkg-0.0.0-py3.10.egg-info' (and everything under it)
[3.977s] Copying ../../build/my_py_pkg/my_py_pkg.egg-info to /home/giri/ros2_ws/install/my_py_pkg/lib/python3.10/site-packages/my_py_pkg-0.0.0-py3.10.egg-info
[3.987s] running install_scripts
[4.066s] Installing minimal_publisher script to /home/giri/ros2_ws/install/my_py_pkg/lib/my_py_pkg
[4.067s] Installing robot_news_station script to /home/giri/ros2_ws/install/my_py_pkg/lib/my_py_pkg
[4.069s] writing list of installed files to '/home/giri/ros2_ws/build/my_py_pkg/install.log'
[4.182s] Invoked command in '/home/giri/ros2_ws/src/my_py_pkg' returned '0': PYTHONPATH=/home/giri/ros2_ws/build/my_py_pkg/prefix_override:/usr/lib/python3/dist-packages/colcon_core/task/python/colcon_distutils_commands:/home/giri/ros2_ws/install/my_py_pkg/lib/python3.10/site-packages:${PYTHONPATH} /usr/bin/python3 -W ignore:setup.py install is deprecated setup.py egg_info --egg-base ../../build/my_py_pkg build --build-base /home/giri/ros2_ws/build/my_py_pkg/build install --record /home/giri/ros2_ws/build/my_py_pkg/install.log --single-version-externally-managed install_data
