[2.428s] Invoking command in '/home/giri/ros2_ws/src/my_py_pkg': PYTHONPATH=/home/giri/ros2_ws/build/my_py_pkg/prefix_override:/usr/lib/python3/dist-packages/colcon_core/task/python/colcon_distutils_commands:/home/giri/ros2_ws/install/my_py_pkg/lib/python3.10/site-packages:${PYTHONPATH} /usr/bin/python3 -W ignore:setup.py install is deprecated setup.py egg_info --egg-base ../../build/my_py_pkg build --build-base /home/giri/ros2_ws/build/my_py_pkg/build install --record /home/giri/ros2_ws/build/my_py_pkg/install.log --single-version-externally-managed install_data
[3.350s] running egg_info
[3.353s] writing ../../build/my_py_pkg/my_py_pkg.egg-info/PKG-INFO
[3.354s] writing dependency_links to ../../build/my_py_pkg/my_py_pkg.egg-info/dependency_links.txt
[3.355s] writing entry points to ../../build/my_py_pkg/my_py_pkg.egg-info/entry_points.txt
[3.355s] writing requirements to ../../build/my_py_pkg/my_py_pkg.egg-info/requires.txt
[3.356s] writing top-level names to ../../build/my_py_pkg/my_py_pkg.egg-info/top_level.txt
[3.363s] reading manifest file '../../build/my_py_pkg/my_py_pkg.egg-info/SOURCES.txt'
[3.367s] writing manifest file '../../build/my_py_pkg/my_py_pkg.egg-info/SOURCES.txt'
[3.367s] running build
[3.368s] running build_py
[3.368s] copying my_py_pkg/robot_news_station.py -> /home/giri/ros2_ws/build/my_py_pkg/build/lib/my_py_pkg
[3.370s] running install
[3.371s] running install_lib
[3.375s] copying /home/giri/ros2_ws/build/my_py_pkg/build/lib/my_py_pkg/robot_news_station.py -> /home/giri/ros2_ws/install/my_py_pkg/lib/python3.10/site-packages/my_py_pkg
[3.377s] byte-compiling /home/giri/ros2_ws/install/my_py_pkg/lib/python3.10/site-packages/my_py_pkg/robot_news_station.py to robot_news_station.cpython-310.pyc
[3.379s] running install_data
[3.380s] copying package.xml -> /home/giri/ros2_ws/install/my_py_pkg/share/my_py_pkg
[3.380s] running install_egg_info
[3.387s] removing '/home/giri/ros2_ws/install/my_py_pkg/lib/python3.10/site-packages/my_py_pkg-0.0.0-py3.10.egg-info' (and everything under it)
[3.389s] Copying ../../build/my_py_pkg/my_py_pkg.egg-info to /home/giri/ros2_ws/install/my_py_pkg/lib/python3.10/site-packages/my_py_pkg-0.0.0-py3.10.egg-info
[3.394s] running install_scripts
[3.471s] Installing robot_news_station script to /home/giri/ros2_ws/install/my_py_pkg/lib/my_py_pkg
[3.475s] writing list of installed files to '/home/giri/ros2_ws/build/my_py_pkg/install.log'
[3.590s] Invoked command in '/home/giri/ros2_ws/src/my_py_pkg' returned '0': PYTHONPATH=/home/giri/ros2_ws/build/my_py_pkg/prefix_override:/usr/lib/python3/dist-packages/colcon_core/task/python/colcon_distutils_commands:/home/giri/ros2_ws/install/my_py_pkg/lib/python3.10/site-packages:${PYTHONPATH} /usr/bin/python3 -W ignore:setup.py install is deprecated setup.py egg_info --egg-base ../../build/my_py_pkg build --build-base /home/giri/ros2_ws/build/my_py_pkg/build install --record /home/giri/ros2_ws/build/my_py_pkg/install.log --single-version-externally-managed install_data
