[2.483s] Invoking command in '/home/giri/ros2_ws/src/my_py_pkg': PYTHONPATH=/home/giri/ros2_ws/build/my_py_pkg/prefix_override:/usr/lib/python3/dist-packages/colcon_core/task/python/colcon_distutils_commands:/home/giri/ros2_ws/install/my_py_pkg/lib/python3.10/site-packages:${PYTHONPATH} /usr/bin/python3 -W ignore:setup.py install is deprecated setup.py egg_info --egg-base ../../build/my_py_pkg build --build-base /home/giri/ros2_ws/build/my_py_pkg/build install --record /home/giri/ros2_ws/build/my_py_pkg/install.log --single-version-externally-managed install_data
[3.414s] running egg_info
[3.417s] writing ../../build/my_py_pkg/my_py_pkg.egg-info/PKG-INFO
[3.418s] writing dependency_links to ../../build/my_py_pkg/my_py_pkg.egg-info/dependency_links.txt
[3.419s] writing entry points to ../../build/my_py_pkg/my_py_pkg.egg-info/entry_points.txt
[3.420s] writing requirements to ../../build/my_py_pkg/my_py_pkg.egg-info/requires.txt
[3.420s] writing top-level names to ../../build/my_py_pkg/my_py_pkg.egg-info/top_level.txt
[3.428s] reading manifest file '../../build/my_py_pkg/my_py_pkg.egg-info/SOURCES.txt'
[3.432s] writing manifest file '../../build/my_py_pkg/my_py_pkg.egg-info/SOURCES.txt'
[3.433s] running build
[3.433s] running build_py
[3.434s] copying my_py_pkg/robot_news_station.py -> /home/giri/ros2_ws/build/my_py_pkg/build/lib/my_py_pkg
[3.436s] running install
[3.437s] running install_lib
[3.441s] copying /home/giri/ros2_ws/build/my_py_pkg/build/lib/my_py_pkg/robot_news_station.py -> /home/giri/ros2_ws/install/my_py_pkg/lib/python3.10/site-packages/my_py_pkg
[3.444s] byte-compiling /home/giri/ros2_ws/install/my_py_pkg/lib/python3.10/site-packages/my_py_pkg/robot_news_station.py to robot_news_station.cpython-310.pyc
[3.446s] running install_data
[3.448s] running install_egg_info
[3.455s] removing '/home/giri/ros2_ws/install/my_py_pkg/lib/python3.10/site-packages/my_py_pkg-0.0.0-py3.10.egg-info' (and everything under it)
[3.456s] Copying ../../build/my_py_pkg/my_py_pkg.egg-info to /home/giri/ros2_ws/install/my_py_pkg/lib/python3.10/site-packages/my_py_pkg-0.0.0-py3.10.egg-info
[3.461s] running install_scripts
[3.540s] Installing minimal_publisher script to /home/giri/ros2_ws/install/my_py_pkg/lib/my_py_pkg
[3.540s] Installing robot_news_station script to /home/giri/ros2_ws/install/my_py_pkg/lib/my_py_pkg
[3.542s] writing list of installed files to '/home/giri/ros2_ws/build/my_py_pkg/install.log'
[3.664s] Invoked command in '/home/giri/ros2_ws/src/my_py_pkg' returned '0': PYTHONPATH=/home/giri/ros2_ws/build/my_py_pkg/prefix_override:/usr/lib/python3/dist-packages/colcon_core/task/python/colcon_distutils_commands:/home/giri/ros2_ws/install/my_py_pkg/lib/python3.10/site-packages:${PYTHONPATH} /usr/bin/python3 -W ignore:setup.py install is deprecated setup.py egg_info --egg-base ../../build/my_py_pkg build --build-base /home/giri/ros2_ws/build/my_py_pkg/build install --record /home/giri/ros2_ws/build/my_py_pkg/install.log --single-version-externally-managed install_data
