[0.410s] DEBUG:colcon:Command line arguments: ['/usr/bin/colcon', 'build']
[0.411s] DEBUG:colcon:Parsed command line arguments: Namespace(log_base=None, log_level=None, verb_name='build', build_base='build', install_base='install', merge_install=False, symlink_install=False, test_result_base=None, continue_on_error=False, executor='parallel', parallel_workers=4, event_handlers=None, ignore_user_meta=False, metas=['./colcon.meta'], base_paths=['.'], packages_ignore=None, packages_ignore_regex=None, paths=None, packages_up_to=None, packages_up_to_regex=None, packages_above=None, packages_above_and_dependencies=None, packages_above_depth=None, packages_select_by_dep=None, packages_skip_by_dep=None, packages_skip_up_to=None, packages_select_build_failed=False, packages_skip_build_finished=False, packages_select_test_failures=False, packages_skip_test_passed=False, packages_select=None, packages_skip=None, packages_select_regex=None, packages_skip_regex=None, packages_start=None, packages_end=None, allow_overriding=[], cmake_args=None, cmake_target=None, cmake_target_skip_unavailable=False, cmake_clean_cache=False, cmake_clean_first=False, cmake_force_configure=False, ament_cmake_args=None, catkin_cmake_args=None, catkin_skip_building_tests=False, verb_parser=<colcon_defaults.argument_parser.defaults.DefaultArgumentsDecorator object at 0xffff9410a2c0>, verb_extension=<colcon_core.verb.build.BuildVerb object at 0xffff9429aef0>, main=<bound method BuildVerb.main of <colcon_core.verb.build.BuildVerb object at 0xffff9429aef0>>)
[1.011s] Level 1:colcon.colcon_core.package_discovery:discover_packages(colcon_meta) check parameters
[1.011s] Level 1:colcon.colcon_core.package_discovery:discover_packages(recursive) check parameters
[1.012s] Level 1:colcon.colcon_core.package_discovery:discover_packages(ignore) check parameters
[1.012s] Level 1:colcon.colcon_core.package_discovery:discover_packages(path) check parameters
[1.012s] Level 1:colcon.colcon_core.package_discovery:discover_packages(colcon_meta) discover
[1.012s] Level 1:colcon.colcon_core.package_discovery:discover_packages(recursive) discover
[1.012s] INFO:colcon.colcon_core.package_discovery:Crawling recursively for packages in '/home/giri/ros2_ws'
[1.013s] Level 1:colcon.colcon_core.package_identification:_identify(.) by extensions ['ignore', 'ignore_ament_install']
[1.013s] Level 1:colcon.colcon_core.package_identification:_identify(.) by extension 'ignore'
[1.013s] Level 1:colcon.colcon_core.package_identification:_identify(.) by extension 'ignore_ament_install'
[1.014s] Level 1:colcon.colcon_core.package_identification:_identify(.) by extensions ['colcon_pkg']
[1.014s] Level 1:colcon.colcon_core.package_identification:_identify(.) by extension 'colcon_pkg'
[1.014s] Level 1:colcon.colcon_core.package_identification:_identify(.) by extensions ['colcon_meta']
[1.014s] Level 1:colcon.colcon_core.package_identification:_identify(.) by extension 'colcon_meta'
[1.014s] Level 1:colcon.colcon_core.package_identification:_identify(.) by extensions ['ros']
[1.014s] Level 1:colcon.colcon_core.package_identification:_identify(.) by extension 'ros'
[1.060s] Level 1:colcon.colcon_core.package_identification:_identify(.) by extensions ['cmake', 'python']
[1.061s] Level 1:colcon.colcon_core.package_identification:_identify(.) by extension 'cmake'
[1.061s] Level 1:colcon.colcon_core.package_identification:_identify(.) by extension 'python'
[1.061s] Level 1:colcon.colcon_core.package_identification:_identify(.) by extensions ['python_setup_py']
[1.061s] Level 1:colcon.colcon_core.package_identification:_identify(.) by extension 'python_setup_py'
[1.062s] Level 1:colcon.colcon_core.package_identification:_identify(build) by extensions ['ignore', 'ignore_ament_install']
[1.062s] Level 1:colcon.colcon_core.package_identification:_identify(build) by extension 'ignore'
[1.062s] Level 1:colcon.colcon_core.package_identification:_identify(build) ignored
[1.063s] Level 1:colcon.colcon_core.package_identification:_identify(install) by extensions ['ignore', 'ignore_ament_install']
[1.063s] Level 1:colcon.colcon_core.package_identification:_identify(install) by extension 'ignore'
[1.064s] Level 1:colcon.colcon_core.package_identification:_identify(install) ignored
[1.064s] Level 1:colcon.colcon_core.package_identification:_identify(log) by extensions ['ignore', 'ignore_ament_install']
[1.065s] Level 1:colcon.colcon_core.package_identification:_identify(log) by extension 'ignore'
[1.065s] Level 1:colcon.colcon_core.package_identification:_identify(log) ignored
[1.065s] Level 1:colcon.colcon_core.package_identification:_identify(src) by extensions ['ignore', 'ignore_ament_install']
[1.065s] Level 1:colcon.colcon_core.package_identification:_identify(src) by extension 'ignore'
[1.066s] Level 1:colcon.colcon_core.package_identification:_identify(src) by extension 'ignore_ament_install'
[1.066s] Level 1:colcon.colcon_core.package_identification:_identify(src) by extensions ['colcon_pkg']
[1.066s] Level 1:colcon.colcon_core.package_identification:_identify(src) by extension 'colcon_pkg'
[1.066s] Level 1:colcon.colcon_core.package_identification:_identify(src) by extensions ['colcon_meta']
[1.066s] Level 1:colcon.colcon_core.package_identification:_identify(src) by extension 'colcon_meta'
[1.067s] Level 1:colcon.colcon_core.package_identification:_identify(src) by extensions ['ros']
[1.067s] Level 1:colcon.colcon_core.package_identification:_identify(src) by extension 'ros'
[1.067s] Level 1:colcon.colcon_core.package_identification:_identify(src) by extensions ['cmake', 'python']
[1.067s] Level 1:colcon.colcon_core.package_identification:_identify(src) by extension 'cmake'
[1.067s] Level 1:colcon.colcon_core.package_identification:_identify(src) by extension 'python'
[1.068s] Level 1:colcon.colcon_core.package_identification:_identify(src) by extensions ['python_setup_py']
[1.068s] Level 1:colcon.colcon_core.package_identification:_identify(src) by extension 'python_setup_py'
[1.068s] Level 1:colcon.colcon_core.package_identification:_identify(src/my_py_pkg) by extensions ['ignore', 'ignore_ament_install']
[1.069s] Level 1:colcon.colcon_core.package_identification:_identify(src/my_py_pkg) by extension 'ignore'
[1.069s] Level 1:colcon.colcon_core.package_identification:_identify(src/my_py_pkg) by extension 'ignore_ament_install'
[1.069s] Level 1:colcon.colcon_core.package_identification:_identify(src/my_py_pkg) by extensions ['colcon_pkg']
[1.069s] Level 1:colcon.colcon_core.package_identification:_identify(src/my_py_pkg) by extension 'colcon_pkg'
[1.069s] Level 1:colcon.colcon_core.package_identification:_identify(src/my_py_pkg) by extensions ['colcon_meta']
[1.070s] Level 1:colcon.colcon_core.package_identification:_identify(src/my_py_pkg) by extension 'colcon_meta'
[1.070s] Level 1:colcon.colcon_core.package_identification:_identify(src/my_py_pkg) by extensions ['ros']
[1.070s] Level 1:colcon.colcon_core.package_identification:_identify(src/my_py_pkg) by extension 'ros'
[1.079s] DEBUG:colcon.colcon_core.package_identification:Package 'src/my_py_pkg' with type 'ros.ament_python' and name 'my_py_pkg'
[1.079s] Level 1:colcon.colcon_core.package_discovery:discover_packages(recursive) using defaults
[1.079s] Level 1:colcon.colcon_core.package_discovery:discover_packages(ignore) discover
[1.079s] Level 1:colcon.colcon_core.package_discovery:discover_packages(ignore) using defaults
[1.079s] Level 1:colcon.colcon_core.package_discovery:discover_packages(path) discover
[1.080s] Level 1:colcon.colcon_core.package_discovery:discover_packages(path) using defaults
[1.157s] Level 1:colcon.colcon_core.package_discovery:discover_packages(prefix_path) check parameters
[1.158s] Level 1:colcon.colcon_core.package_discovery:discover_packages(prefix_path) discover
[1.169s] DEBUG:colcon.colcon_installed_package_information.package_discovery:Found 180 installed packages in /opt/ros/humble
[1.174s] Level 1:colcon.colcon_core.package_discovery:discover_packages(prefix_path) using defaults
[1.284s] Level 5:colcon.colcon_core.verb:set package 'my_py_pkg' build argument 'cmake_args' from command line to 'None'
[1.284s] Level 5:colcon.colcon_core.verb:set package 'my_py_pkg' build argument 'cmake_target' from command line to 'None'
[1.285s] Level 5:colcon.colcon_core.verb:set package 'my_py_pkg' build argument 'cmake_target_skip_unavailable' from command line to 'False'
[1.285s] Level 5:colcon.colcon_core.verb:set package 'my_py_pkg' build argument 'cmake_clean_cache' from command line to 'False'
[1.285s] Level 5:colcon.colcon_core.verb:set package 'my_py_pkg' build argument 'cmake_clean_first' from command line to 'False'
[1.285s] Level 5:colcon.colcon_core.verb:set package 'my_py_pkg' build argument 'cmake_force_configure' from command line to 'False'
[1.285s] Level 5:colcon.colcon_core.verb:set package 'my_py_pkg' build argument 'ament_cmake_args' from command line to 'None'
[1.285s] Level 5:colcon.colcon_core.verb:set package 'my_py_pkg' build argument 'catkin_cmake_args' from command line to 'None'
[1.285s] Level 5:colcon.colcon_core.verb:set package 'my_py_pkg' build argument 'catkin_skip_building_tests' from command line to 'False'
[1.285s] DEBUG:colcon.colcon_core.verb:Building package 'my_py_pkg' with the following arguments: {'ament_cmake_args': None, 'build_base': '/home/giri/ros2_ws/build/my_py_pkg', 'catkin_cmake_args': None, 'catkin_skip_building_tests': False, 'cmake_args': None, 'cmake_clean_cache': False, 'cmake_clean_first': False, 'cmake_force_configure': False, 'cmake_target': None, 'cmake_target_skip_unavailable': False, 'install_base': '/home/giri/ros2_ws/install/my_py_pkg', 'merge_install': False, 'path': '/home/giri/ros2_ws/src/my_py_pkg', 'symlink_install': False, 'test_result_base': None}
[1.286s] INFO:colcon.colcon_core.executor:Executing jobs using 'parallel' executor
[1.290s] DEBUG:colcon.colcon_parallel_executor.executor.parallel:run_until_complete
[1.291s] INFO:colcon.colcon_ros.task.ament_python.build:Building ROS package in '/home/giri/ros2_ws/src/my_py_pkg' with build type 'ament_python'
[1.293s] Level 1:colcon.colcon_core.shell:create_environment_hook('my_py_pkg', 'ament_prefix_path')
[1.304s] INFO:colcon.colcon_core.plugin_system:Skipping extension 'colcon_core.shell.bat': Not used on non-Windows systems
[1.305s] INFO:colcon.colcon_core.shell:Creating environment hook '/home/giri/ros2_ws/install/my_py_pkg/share/my_py_pkg/hook/ament_prefix_path.ps1'
[1.308s] INFO:colcon.colcon_core.shell:Creating environment descriptor '/home/giri/ros2_ws/install/my_py_pkg/share/my_py_pkg/hook/ament_prefix_path.dsv'
[1.310s] INFO:colcon.colcon_core.shell:Creating environment hook '/home/giri/ros2_ws/install/my_py_pkg/share/my_py_pkg/hook/ament_prefix_path.sh'
[1.313s] INFO:colcon.colcon_core.shell:Skip shell extension 'powershell' for command environment: Not usable outside of PowerShell
[1.314s] DEBUG:colcon.colcon_core.shell:Skip shell extension 'dsv' for command environment
[2.312s] INFO:colcon.colcon_core.task.python.build:Building Python package in '/home/giri/ros2_ws/src/my_py_pkg'
[2.313s] INFO:colcon.colcon_core.shell:Skip shell extension 'powershell' for command environment: Not usable outside of PowerShell
[2.313s] DEBUG:colcon.colcon_core.shell:Skip shell extension 'dsv' for command environment
[3.733s] DEBUG:colcon.colcon_core.event_handler.log_command:Invoking command in '/home/giri/ros2_ws/src/my_py_pkg': PYTHONPATH=/home/giri/ros2_ws/build/my_py_pkg/prefix_override:/usr/lib/python3/dist-packages/colcon_core/task/python/colcon_distutils_commands:/home/giri/ros2_ws/install/my_py_pkg/lib/python3.10/site-packages:${PYTHONPATH} /usr/bin/python3 -W ignore:setup.py install is deprecated setup.py egg_info --egg-base ../../build/my_py_pkg build --build-base /home/giri/ros2_ws/build/my_py_pkg/build install --record /home/giri/ros2_ws/build/my_py_pkg/install.log --single-version-externally-managed install_data
[4.867s] DEBUG:colcon.colcon_core.event_handler.log_command:Invoked command in '/home/giri/ros2_ws/src/my_py_pkg' returned '0': PYTHONPATH=/home/giri/ros2_ws/build/my_py_pkg/prefix_override:/usr/lib/python3/dist-packages/colcon_core/task/python/colcon_distutils_commands:/home/giri/ros2_ws/install/my_py_pkg/lib/python3.10/site-packages:${PYTHONPATH} /usr/bin/python3 -W ignore:setup.py install is deprecated setup.py egg_info --egg-base ../../build/my_py_pkg build --build-base /home/giri/ros2_ws/build/my_py_pkg/build install --record /home/giri/ros2_ws/build/my_py_pkg/install.log --single-version-externally-managed install_data
[4.877s] Level 1:colcon.colcon_core.environment:checking '/home/giri/ros2_ws/install/my_py_pkg' for CMake module files
[4.880s] Level 1:colcon.colcon_core.environment:checking '/home/giri/ros2_ws/install/my_py_pkg' for CMake config files
[4.886s] Level 1:colcon.colcon_core.environment:checking '/home/giri/ros2_ws/install/my_py_pkg/lib'
[4.886s] Level 1:colcon.colcon_core.environment:checking '/home/giri/ros2_ws/install/my_py_pkg/bin'
[4.887s] Level 1:colcon.colcon_core.environment:checking '/home/giri/ros2_ws/install/my_py_pkg/lib/pkgconfig/my_py_pkg.pc'
[4.888s] Level 1:colcon.colcon_core.environment:checking '/home/giri/ros2_ws/install/my_py_pkg/lib/python3.10/site-packages'
[4.888s] Level 1:colcon.colcon_core.shell:create_environment_hook('my_py_pkg', 'pythonpath')
[4.889s] INFO:colcon.colcon_core.shell:Creating environment hook '/home/giri/ros2_ws/install/my_py_pkg/share/my_py_pkg/hook/pythonpath.ps1'
[4.891s] INFO:colcon.colcon_core.shell:Creating environment descriptor '/home/giri/ros2_ws/install/my_py_pkg/share/my_py_pkg/hook/pythonpath.dsv'
[4.892s] INFO:colcon.colcon_core.shell:Creating environment hook '/home/giri/ros2_ws/install/my_py_pkg/share/my_py_pkg/hook/pythonpath.sh'
[4.895s] Level 1:colcon.colcon_core.environment:checking '/home/giri/ros2_ws/install/my_py_pkg/bin'
[4.896s] Level 1:colcon.colcon_core.environment:create_environment_scripts_only(my_py_pkg)
[4.897s] INFO:colcon.colcon_core.shell:Creating package script '/home/giri/ros2_ws/install/my_py_pkg/share/my_py_pkg/package.ps1'
[4.900s] INFO:colcon.colcon_core.shell:Creating package descriptor '/home/giri/ros2_ws/install/my_py_pkg/share/my_py_pkg/package.dsv'
[4.903s] INFO:colcon.colcon_core.shell:Creating package script '/home/giri/ros2_ws/install/my_py_pkg/share/my_py_pkg/package.sh'
[4.906s] INFO:colcon.colcon_core.shell:Creating package script '/home/giri/ros2_ws/install/my_py_pkg/share/my_py_pkg/package.bash'
[4.909s] INFO:colcon.colcon_core.shell:Creating package script '/home/giri/ros2_ws/install/my_py_pkg/share/my_py_pkg/package.zsh'
[4.912s] Level 1:colcon.colcon_core.environment:create_file_with_runtime_dependencies(/home/giri/ros2_ws/install/my_py_pkg/share/colcon-core/packages/my_py_pkg)
[4.913s] DEBUG:colcon.colcon_parallel_executor.executor.parallel:closing loop
[4.914s] DEBUG:colcon.colcon_parallel_executor.executor.parallel:loop closed
[4.915s] DEBUG:colcon.colcon_parallel_executor.executor.parallel:run_until_complete finished with '0'
[4.915s] DEBUG:colcon.colcon_core.event_reactor:joining thread
[4.937s] INFO:colcon.colcon_core.plugin_system:Skipping extension 'colcon_notification.desktop_notification.notify_send': Could not find 'notify-send'
[4.937s] INFO:colcon.colcon_core.plugin_system:Skipping extension 'colcon_notification.desktop_notification.terminal_notifier': Not used on non-Darwin systems
[4.938s] INFO:colcon.colcon_core.plugin_system:Skipping extension 'colcon_notification.desktop_notification.win32': Not used on non-Windows systems
[4.938s] INFO:colcon.colcon_notification.desktop_notification:Sending desktop notification using 'notify2'
[4.941s] DEBUG:colcon.colcon_notification.desktop_notification.notify2:Failed to initialize notify2: org.freedesktop.DBus.Error.ServiceUnknown: The name org.freedesktop.Notifications was not provided by any .service files
[4.941s] DEBUG:colcon.colcon_core.event_reactor:joined thread
[4.942s] INFO:colcon.colcon_core.shell:Creating prefix script '/home/giri/ros2_ws/install/local_setup.ps1'
[4.946s] INFO:colcon.colcon_core.shell:Creating prefix util module '/home/giri/ros2_ws/install/_local_setup_util_ps1.py'
[4.953s] INFO:colcon.colcon_core.shell:Creating prefix chain script '/home/giri/ros2_ws/install/setup.ps1'
[4.958s] INFO:colcon.colcon_core.shell:Creating prefix script '/home/giri/ros2_ws/install/local_setup.sh'
[4.961s] INFO:colcon.colcon_core.shell:Creating prefix util module '/home/giri/ros2_ws/install/_local_setup_util_sh.py'
[4.963s] INFO:colcon.colcon_core.shell:Creating prefix chain script '/home/giri/ros2_ws/install/setup.sh'
[4.967s] INFO:colcon.colcon_core.shell:Creating prefix script '/home/giri/ros2_ws/install/local_setup.bash'
[4.969s] INFO:colcon.colcon_core.shell:Creating prefix chain script '/home/giri/ros2_ws/install/setup.bash'
[4.973s] INFO:colcon.colcon_core.shell:Creating prefix script '/home/giri/ros2_ws/install/local_setup.zsh'
[4.977s] INFO:colcon.colcon_core.shell:Creating prefix chain script '/home/giri/ros2_ws/install/setup.zsh'
